2020-07-15T12:27:51+00:00 CRITICAL Uncaught Error: Call to undefined function get_field() in /home/evd/Local Sites/matchmoney/app/public/wp-content/themes/matchmoney-v3/functions.php:381
Stack trace:
#0 /home/evd/Local Sites/matchmoney/app/public/wp-includes/shortcodes.php(343): the_acf_field_wp('', '', 'php-acf-field-1')
#1 [internal function]: do_shortcode_tag(Array)
#2 /home/evd/Local Sites/matchmoney/app/public/wp-includes/shortcodes.php(218): preg_replace_callback('/\\[(\\[?)(php\\-a...', 'do_shortcode_ta...', '[php-acf-field-...')
#3 /home/evd/Local Sites/matchmoney/app/public/wp-content/themes/matchmoney-v3/archive-product.php(23): do_shortcode('[php-acf-field-...')
#4 /home/evd/Local Sites/matchmoney/app/public/wp-includes/template-loader.php(106): include('/home/evd/Local...')
#5 /home/evd/Local Sites/matchmoney/app/public/wp-blog-header.php(19): require_once('/home/evd/Local...')
#6 /home/evd/Local Sites/matchmoney/app/public/index.php(17): require('/home/evd/Local...')
#7 {main}
  thrown in /home/evd/Local Sites/matchmoney/app/public/wp-content/themes/matchmoney-v3/functions.php on line 381

2020-07-15T14:24:03+00:00 CRITICAL Uncaught Error: Cannot use string offset as an array in /home/evd/Local Sites/matchmoney/app/public/wp-content/themes/matchmoney-v3/functions.php:535
Stack trace:
#0 /home/evd/Local Sites/matchmoney/app/public/wp-includes/class-wp-hook.php(287): custom_override_checkout_fields('')
#1 /home/evd/Local Sites/matchmoney/app/public/wp-includes/class-wp-hook.php(311): WP_Hook->apply_filters('', Array)
#2 /home/evd/Local Sites/matchmoney/app/public/wp-includes/plugin.php(478): WP_Hook->do_action(Array)
#3 /home/evd/Local Sites/matchmoney/app/public/wp-content/themes/matchmoney-v3/woocommerce/checkout/form-checkout.php(40): do_action('woocommerce_che...')
#4 /home/evd/Local Sites/matchmoney/app/public/wp-content/plugins/woocommerce/includes/wc-core-functions.php(344): include('/home/evd/Local...')
#5 /home/evd/Local Sites/matchmoney/app/public/wp-content/plugins/woocommerce/includes/shortcodes/class-wc-shortcode-checkout.php(293): wc_get_template('checkout/form-c...', Array)
#6 /home/evd/Local Sites/matchmoney/app/pu in /home/evd/Local Sites/matchmoney/app/public/wp-content/themes/matchmoney-v3/functions.php on line 535

2020-07-15T17:19:52+00:00 CRITICAL Can't use function return value in write context in /home/evd/Local Sites/matchmoney/app/public/wp-content/plugins/woocommerce-extra-checkout-fields-for-brazil/includes/class-extra-checkout-fields-for-brazil-front-end.php on line 99

2020-07-15T17:39:59+00:00 CRITICAL Uncaught ArgumentCountError: Too few arguments to function XYZ_checkout_custom_heading(), 1 passed in /home/evd/Local Sites/matchmoney/app/public/wp-includes/class-wp-hook.php on line 287 and exactly 2 expected in /home/evd/Local Sites/matchmoney/app/public/wp-content/themes/matchmoney-v3/functions.php:532
Stack trace:
#0 /home/evd/Local Sites/matchmoney/app/public/wp-includes/class-wp-hook.php(287): XYZ_checkout_custom_heading('')
#1 /home/evd/Local Sites/matchmoney/app/public/wp-includes/class-wp-hook.php(311): WP_Hook->apply_filters('', Array)
#2 /home/evd/Local Sites/matchmoney/app/public/wp-includes/plugin.php(478): WP_Hook->do_action(Array)
#3 /home/evd/Local Sites/matchmoney/app/public/wp-content/themes/matchmoney-v3/woocommerce/checkout/form-checkout.php(26): do_action('woocommerce_che...')
#4 /home/evd/Local Sites/matchmoney/app/public/wp-content/plugins/woocommerce/includes/wc-core-functions.php(344): include('/home/evd/Local...')
#5 /home/evd/Local Sites/matchmoney/app/public/wp-content/plugins/woo in /home/evd/Local Sites/matchmoney/app/public/wp-content/themes/matchmoney-v3/functions.php on line 532

2020-07-15T17:40:16+00:00 CRITICAL Uncaught ArgumentCountError: Too few arguments to function XYZ_checkout_custom_heading(), 1 passed in /home/evd/Local Sites/matchmoney/app/public/wp-includes/class-wp-hook.php on line 287 and exactly 2 expected in /home/evd/Local Sites/matchmoney/app/public/wp-content/themes/matchmoney-v3/functions.php:532
Stack trace:
#0 /home/evd/Local Sites/matchmoney/app/public/wp-includes/class-wp-hook.php(287): XYZ_checkout_custom_heading('')
#1 /home/evd/Local Sites/matchmoney/app/public/wp-includes/class-wp-hook.php(311): WP_Hook->apply_filters('', Array)
#2 /home/evd/Local Sites/matchmoney/app/public/wp-includes/plugin.php(478): WP_Hook->do_action(Array)
#3 /home/evd/Local Sites/matchmoney/app/public/wp-content/themes/matchmoney-v3/woocommerce/checkout/form-checkout.php(22): do_action('woocommerce_che...')
#4 /home/evd/Local Sites/matchmoney/app/public/wp-content/plugins/woocommerce/includes/wc-core-functions.php(344): include('/home/evd/Local...')
#5 /home/evd/Local Sites/matchmoney/app/public/wp-content/plugins/woo in /home/evd/Local Sites/matchmoney/app/public/wp-content/themes/matchmoney-v3/functions.php on line 532

2020-07-15T17:40:47+00:00 CRITICAL Uncaught ArgumentCountError: Too few arguments to function XYZ_checkout_custom_heading(), 1 passed in /home/evd/Local Sites/matchmoney/app/public/wp-includes/class-wp-hook.php on line 287 and exactly 2 expected in /home/evd/Local Sites/matchmoney/app/public/wp-content/themes/matchmoney-v3/functions.php:532
Stack trace:
#0 /home/evd/Local Sites/matchmoney/app/public/wp-includes/class-wp-hook.php(287): XYZ_checkout_custom_heading('')
#1 /home/evd/Local Sites/matchmoney/app/public/wp-includes/class-wp-hook.php(311): WP_Hook->apply_filters('', Array)
#2 /home/evd/Local Sites/matchmoney/app/public/wp-includes/plugin.php(478): WP_Hook->do_action(Array)
#3 /home/evd/Local Sites/matchmoney/app/public/wp-content/themes/matchmoney-v3/woocommerce/checkout/form-checkout.php(22): do_action('woocommerce_che...')
#4 /home/evd/Local Sites/matchmoney/app/public/wp-content/plugins/woocommerce/includes/wc-core-functions.php(344): include('/home/evd/Local...')
#5 /home/evd/Local Sites/matchmoney/app/public/wp-content/plugins/woo in /home/evd/Local Sites/matchmoney/app/public/wp-content/themes/matchmoney-v3/functions.php on line 532

2020-07-15T17:41:01+00:00 CRITICAL Uncaught ArgumentCountError: Too few arguments to function XYZ_checkout_custom_heading(), 1 passed in /home/evd/Local Sites/matchmoney/app/public/wp-includes/class-wp-hook.php on line 287 and exactly 2 expected in /home/evd/Local Sites/matchmoney/app/public/wp-content/themes/matchmoney-v3/functions.php:532
Stack trace:
#0 /home/evd/Local Sites/matchmoney/app/public/wp-includes/class-wp-hook.php(287): XYZ_checkout_custom_heading('')
#1 /home/evd/Local Sites/matchmoney/app/public/wp-includes/class-wp-hook.php(311): WP_Hook->apply_filters('', Array)
#2 /home/evd/Local Sites/matchmoney/app/public/wp-includes/plugin.php(478): WP_Hook->do_action(Array)
#3 /home/evd/Local Sites/matchmoney/app/public/wp-content/themes/matchmoney-v3/woocommerce/checkout/form-checkout.php(22): do_action('woocommerce_che...')
#4 /home/evd/Local Sites/matchmoney/app/public/wp-content/plugins/woocommerce/includes/wc-core-functions.php(344): include('/home/evd/Local...')
#5 /home/evd/Local Sites/matchmoney/app/public/wp-content/plugins/woo in /home/evd/Local Sites/matchmoney/app/public/wp-content/themes/matchmoney-v3/functions.php on line 532

2020-07-15T19:19:43+00:00 CRITICAL Uncaught Error: Call to undefined function get_template_parts() in /home/evd/Local Sites/matchmoney/app/public/wp-content/themes/matchmoney-v3/woocommerce/checkout/form-checkout.php:68
Stack trace:
#0 /home/evd/Local Sites/matchmoney/app/public/wp-content/plugins/woocommerce/includes/wc-core-functions.php(344): include()
#1 /home/evd/Local Sites/matchmoney/app/public/wp-content/plugins/woocommerce/includes/shortcodes/class-wc-shortcode-checkout.php(293): wc_get_template('checkout/form-c...', Array)
#2 /home/evd/Local Sites/matchmoney/app/public/wp-content/plugins/woocommerce/includes/shortcodes/class-wc-shortcode-checkout.php(67): WC_Shortcode_Checkout::checkout()
#3 /home/evd/Local Sites/matchmoney/app/public/wp-content/plugins/woocommerce/includes/class-wc-shortcodes.php(72): WC_Shortcode_Checkout::output('')
#4 /home/evd/Local Sites/matchmoney/app/public/wp-content/plugins/woocommerce/includes/class-wc-shortcodes.php(95): WC_Shortcodes::shortcode_wrapper(Array, '')
#5 /home/evd/Local Sites/matchmoney/app/p in /home/evd/Local Sites/matchmoney/app/public/wp-content/themes/matchmoney-v3/woocommerce/checkout/form-checkout.php on line 68

